2025-05-10 19:59:24,282 - JPXPipeline - INFO - Loading data...
2025-05-10 19:59:24,525 - JPXPipeline - INFO - Data loaded successfully. Shape: (269881, 13)
2025-05-10 19:59:24,525 - JPXPipeline - INFO - Creating features...
2025-05-10 19:59:34,478 - JPXPipeline - INFO - Features created. New shape: (269881, 91)
2025-05-10 19:59:34,487 - JPXPipeline - INFO - Preparing train/test split...
2025-05-10 19:59:34,587 - JPXPipeline - INFO - Train shape: (213975, 91), Test shape: (55906, 91)
2025-05-10 19:59:35,011 - JPXPipeline - INFO - Training lightgbm model...
2025-05-10 19:59:35,443 - JPXPipeline - ERROR - Pipeline failed: could not convert string to float: 'First Section (Domestic)'
Traceback (most recent call last):
  File "C:\jpx_stock_prediction\src\pipeline\main_pipeline.py", line 215, in run_pipeline
    model = self.train_model(X_train, y_train)
            ^^^^^^^^^^^^^^^^^^^^^^^^^^^^^^^^^^
  File "C:\jpx_stock_prediction\src\pipeline\main_pipeline.py", line 155, in train_model
    model.fit(X_train, y_train)
  File "C:\Users\BeRo074\AppData\Local\Programs\Python\Python311\Lib\site-packages\lightgbm\sklearn.py", line 1398, in fit
    super().fit(
  File "C:\Users\BeRo074\AppData\Local\Programs\Python\Python311\Lib\site-packages\lightgbm\sklearn.py", line 949, in fit
    _X, _y = _LGBMValidateData(
             ^^^^^^^^^^^^^^^^^^
  File "C:\Users\BeRo074\AppData\Local\Programs\Python\Python311\Lib\site-packages\lightgbm\compat.py", line 78, in validate_data
    X, y = check_X_y(
           ^^^^^^^^^^
  File "C:\Users\BeRo074\AppData\Local\Programs\Python\Python311\Lib\site-packages\sklearn\utils\validation.py", line 1273, in check_X_y
    X = check_array(
        ^^^^^^^^^^^^
  File "C:\Users\BeRo074\AppData\Local\Programs\Python\Python311\Lib\site-packages\sklearn\utils\validation.py", line 1007, in check_array
    array = _asarray_with_order(array, order=order, dtype=dtype, xp=xp)
            ^^^^^^^^^^^^^^^^^^^^^^^^^^^^^^^^^^^^^^^^^^^^^^^^^^^^^^^^^^^
  File "C:\Users\BeRo074\AppData\Local\Programs\Python\Python311\Lib\site-packages\sklearn\utils\_array_api.py", line 746, in _asarray_with_order
    array = numpy.asarray(array, order=order, dtype=dtype)
            ^^^^^^^^^^^^^^^^^^^^^^^^^^^^^^^^^^^^^^^^^^^^^^
ValueError: could not convert string to float: 'First Section (Domestic)'
