2025-05-10 20:09:57,934 - JPXPipeline - INFO - Loading data...
2025-05-10 20:09:58,194 - JPXPipeline - INFO - Data loaded successfully. Shape: (269881, 13)
2025-05-10 20:09:58,197 - JPXPipeline - INFO - Creating features...
2025-05-10 20:10:08,733 - JPXPipeline - INFO - Features created. New shape: (269881, 91)
2025-05-10 20:10:09,150 - JPXPipeline - INFO - Preparing train/test split...
2025-05-10 20:10:09,282 - JPXPipeline - INFO - Train shape: (213971, 91), Test shape: (55902, 91)
2025-05-10 20:10:09,380 - JPXPipeline - INFO - Training xgboost model...
2025-05-10 20:10:11,878 - JPXPipeline - INFO - Evaluating model...
2025-05-10 20:10:11,895 - JPXPipeline - INFO - weighted_correlation: 0.7506
2025-05-10 20:10:11,905 - JPXPipeline - INFO - rmse: 0.0147
2025-05-10 20:10:11,909 - JPXPipeline - INFO - mae: 0.0103
2025-05-10 20:10:11,911 - JPXPipeline - INFO - Preparing submission file...
2025-05-10 20:10:11,946 - JPXPipeline - INFO - Submission saved to ..\data\submissions\submission_20250510_201011.csv
2025-05-10 20:10:12,011 - JPXPipeline - INFO - Loading data...
2025-05-10 20:10:12,286 - JPXPipeline - INFO - Data loaded successfully. Shape: (269881, 13)
2025-05-10 20:10:12,294 - JPXPipeline - INFO - Creating features...
2025-05-10 20:10:22,955 - JPXPipeline - INFO - Features created. New shape: (269881, 91)
2025-05-10 20:10:23,370 - JPXPipeline - INFO - Preparing train/test split...
2025-05-10 20:10:23,485 - JPXPipeline - INFO - Train shape: (213971, 91), Test shape: (55902, 91)
2025-05-10 20:10:23,586 - JPXPipeline - INFO - Training catboost model...
2025-05-10 20:10:35,853 - JPXPipeline - INFO - Evaluating model...
2025-05-10 20:10:35,876 - JPXPipeline - INFO - weighted_correlation: 0.8220
2025-05-10 20:10:35,876 - JPXPipeline - INFO - rmse: 0.0124
2025-05-10 20:10:35,885 - JPXPipeline - INFO - mae: 0.0085
2025-05-10 20:10:35,888 - JPXPipeline - INFO - Preparing submission file...
2025-05-10 20:10:35,919 - JPXPipeline - INFO - Submission saved to ..\data\submissions\submission_20250510_201035.csv
